<?xml version="1.0" encoding="UTF-8"?>
<!-- Generated by org.testng.reporters.JUnitReportReporter -->
<testsuite skipped="0" hostname="Shashwat-PC" name="basePackage.Test1" tests="47" failures="0" timestamp="29 Sep 2019 06:04:16 GMT" time="389.781" errors="0">
  <testcase name="test1" time="7.896" classname="basePackage.Test1"/>
  <testcase name="test1" time="8.428" classname="basePackage.Test1"/>
  <testcase name="test1" time="8.025" classname="basePackage.Test1"/>
  <testcase name="test1" time="7.551" classname="basePackage.Test1"/>
  <testcase name="test1" time="9.790" classname="basePackage.Test1"/>
  <testcase name="test1" time="7.960" classname="basePackage.Test1"/>
  <testcase name="test1" time="7.623" classname="basePackage.Test1"/>
  <testcase name="test1" time="8.919" classname="basePackage.Test1"/>
  <testcase name="test1" time="7.768" classname="basePackage.Test1"/>
  <testcase name="test1" time="7.582" classname="basePackage.Test1"/>
  <testcase name="test1" time="8.293" classname="basePackage.Test1"/>
  <testcase name="test1" time="7.701" classname="basePackage.Test1"/>
  <testcase name="test1" time="8.818" classname="basePackage.Test1"/>
  <testcase name="test1" time="8.629" classname="basePackage.Test1"/>
  <testcase name="test1" time="7.731" classname="basePackage.Test1"/>
  <testcase name="test1" time="8.159" classname="basePackage.Test1"/>
  <testcase name="test1" time="9.116" classname="basePackage.Test1"/>
  <testcase name="test1" time="8.345" classname="basePackage.Test1"/>
  <testcase name="test1" time="8.147" classname="basePackage.Test1"/>
  <testcase name="test1" time="7.742" classname="basePackage.Test1"/>
  <testcase name="test1" time="8.788" classname="basePackage.Test1"/>
  <testcase name="test1" time="7.942" classname="basePackage.Test1"/>
  <testcase name="test1" time="7.778" classname="basePackage.Test1"/>
  <testcase name="test1" time="8.077" classname="basePackage.Test1"/>
  <testcase name="test1" time="8.139" classname="basePackage.Test1"/>
  <testcase name="test1" time="8.548" classname="basePackage.Test1"/>
  <testcase name="test1" time="8.047" classname="basePackage.Test1"/>
  <testcase name="test1" time="8.247" classname="basePackage.Test1"/>
  <testcase name="test1" time="7.848" classname="basePackage.Test1"/>
  <testcase name="test1" time="8.027" classname="basePackage.Test1"/>
  <testcase name="test1" time="9.769" classname="basePackage.Test1"/>
  <testcase name="test1" time="7.996" classname="basePackage.Test1"/>
  <testcase name="test1" time="8.060" classname="basePackage.Test1"/>
  <testcase name="test1" time="8.838" classname="basePackage.Test1"/>
  <testcase name="test1" time="7.933" classname="basePackage.Test1"/>
  <testcase name="test1" time="8.480" classname="basePackage.Test1"/>
  <testcase name="test1" time="9.715" classname="basePackage.Test1"/>
  <testcase name="test1" time="8.061" classname="basePackage.Test1"/>
  <testcase name="test1" time="7.899" classname="basePackage.Test1"/>
  <testcase name="test1" time="7.804" classname="basePackage.Test1"/>
  <testcase name="test1" time="8.357" classname="basePackage.Test1"/>
  <testcase name="test1" time="8.527" classname="basePackage.Test1"/>
  <testcase name="test1" time="8.307" classname="basePackage.Test1"/>
  <testcase name="test1" time="7.960" classname="basePackage.Test1"/>
  <testcase name="test1" time="8.499" classname="basePackage.Test1"/>
  <testcase name="test1" time="9.463" classname="basePackage.Test1"/>
  <testcase name="test1" time="8.449" classname="basePackage.Test1"/>
</testsuite> <!-- basePackage.Test1 -->
