<?xml version="1.0" encoding="UTF-8"?>
<!-- Generated by org.testng.reporters.JUnitReportReporter -->
<testsuite skipped="0" hostname="Shashwat-PC" name="basePackage.Test1" tests="47" failures="0" timestamp="29 Sep 2019 06:38:59 GMT" time="376.857" errors="0">
  <testcase name="test1" time="8.740" classname="basePackage.Test1"/>
  <testcase name="test1" time="7.958" classname="basePackage.Test1"/>
  <testcase name="test1" time="7.701" classname="basePackage.Test1"/>
  <testcase name="test1" time="7.500" classname="basePackage.Test1"/>
  <testcase name="test1" time="7.586" classname="basePackage.Test1"/>
  <testcase name="test1" time="7.721" classname="basePackage.Test1"/>
  <testcase name="test1" time="8.022" classname="basePackage.Test1"/>
  <testcase name="test1" time="7.962" classname="basePackage.Test1"/>
  <testcase name="test1" time="7.587" classname="basePackage.Test1"/>
  <testcase name="test1" time="7.755" classname="basePackage.Test1"/>
  <testcase name="test1" time="8.910" classname="basePackage.Test1"/>
  <testcase name="test1" time="8.776" classname="basePackage.Test1"/>
  <testcase name="test1" time="7.565" classname="basePackage.Test1"/>
  <testcase name="test1" time="7.363" classname="basePackage.Test1"/>
  <testcase name="test1" time="7.755" classname="basePackage.Test1"/>
  <testcase name="test1" time="7.545" classname="basePackage.Test1"/>
  <testcase name="test1" time="7.528" classname="basePackage.Test1"/>
  <testcase name="test1" time="7.616" classname="basePackage.Test1"/>
  <testcase name="test1" time="8.405" classname="basePackage.Test1"/>
  <testcase name="test1" time="9.186" classname="basePackage.Test1"/>
  <testcase name="test1" time="7.900" classname="basePackage.Test1"/>
  <testcase name="test1" time="8.658" classname="basePackage.Test1"/>
  <testcase name="test1" time="8.494" classname="basePackage.Test1"/>
  <testcase name="test1" time="8.274" classname="basePackage.Test1"/>
  <testcase name="test1" time="7.884" classname="basePackage.Test1"/>
  <testcase name="test1" time="7.696" classname="basePackage.Test1"/>
  <testcase name="test1" time="8.628" classname="basePackage.Test1"/>
  <testcase name="test1" time="9.405" classname="basePackage.Test1"/>
  <testcase name="test1" time="8.302" classname="basePackage.Test1"/>
  <testcase name="test1" time="7.581" classname="basePackage.Test1"/>
  <testcase name="test1" time="7.690" classname="basePackage.Test1"/>
  <testcase name="test1" time="7.376" classname="basePackage.Test1"/>
  <testcase name="test1" time="7.548" classname="basePackage.Test1"/>
  <testcase name="test1" time="8.097" classname="basePackage.Test1"/>
  <testcase name="test1" time="9.168" classname="basePackage.Test1"/>
  <testcase name="test1" time="7.337" classname="basePackage.Test1"/>
  <testcase name="test1" time="8.419" classname="basePackage.Test1"/>
  <testcase name="test1" time="8.831" classname="basePackage.Test1"/>
  <testcase name="test1" time="7.672" classname="basePackage.Test1"/>
  <testcase name="test1" time="7.500" classname="basePackage.Test1"/>
  <testcase name="test1" time="8.080" classname="basePackage.Test1"/>
  <testcase name="test1" time="7.668" classname="basePackage.Test1"/>
  <testcase name="test1" time="7.705" classname="basePackage.Test1"/>
  <testcase name="test1" time="7.680" classname="basePackage.Test1"/>
  <testcase name="test1" time="7.748" classname="basePackage.Test1"/>
  <testcase name="test1" time="8.667" classname="basePackage.Test1"/>
  <testcase name="test1" time="7.668" classname="basePackage.Test1"/>
</testsuite> <!-- basePackage.Test1 -->
