<?xml version="1.0" encoding="UTF-8"?>
<!-- Generated by org.testng.reporters.JUnitReportReporter -->
<testsuite skipped="0" hostname="Shashwat-PC" name="basePackage.Test1" tests="2" failures="0" timestamp="29 Sep 2019 05:52:55 GMT" time="19.493" errors="0">
  <testcase name="test1" time="9.821" classname="basePackage.Test1"/>
  <testcase name="test1" time="9.672" classname="basePackage.Test1"/>
</testsuite> <!-- basePackage.Test1 -->
