<?xml version="1.0" encoding="UTF-8" ?>
<testsuite tests="47" failures="0" name="TestSuite" time="37.275" errors="0" skipped="0">
  <properties>
    <property name="java.runtime.name" value="Java(TM) SE Runtime Environment"/>
    <property name="sun.boot.library.path" value="C:\Program Files\Java\jdk1.8.0_221\jre\bin"/>
    <property name="java.vm.version" value="25.221-b11"/>
    <property name="java.vm.vendor" value="Oracle Corporation"/>
    <property name="maven.multiModuleProjectDirectory" value="E:\Test\STM_Assignment"/>
    <property name="java.vendor.url" value="http://java.oracle.com/"/>
    <property name="path.separator" value=";"/>
    <property name="guice.disable.misplaced.annotation.check" value="true"/>
    <property name="java.vm.name" value="Java HotSpot(TM) 64-Bit Server VM"/>
    <property name="file.encoding.pkg" value="sun.io"/>
    <property name="user.script" value=""/>
    <property name="user.country" value="US"/>
    <property name="sun.java.launcher" value="SUN_STANDARD"/>
    <property name="sun.os.patch.level" value="Service Pack 1"/>
    <property name="java.vm.specification.name" value="Java Virtual Machine Specification"/>
    <property name="user.dir" value="E:\Test\STM_Assignment"/>
    <property name="java.runtime.version" value="1.8.0_221-b11"/>
    <property name="java.awt.graphicsenv" value="sun.awt.Win32GraphicsEnvironment"/>
    <property name="java.endorsed.dirs" value="C:\Program Files\Java\jdk1.8.0_221\jre\lib\endorsed"/>
    <property name="os.arch" value="amd64"/>
    <property name="java.io.tmpdir" value="C:\Users\Shashwat\AppData\Local\Temp\"/>
    <property name="line.separator" value="
"/>
    <property name="java.vm.specification.vendor" value="Oracle Corporation"/>
    <property name="user.variant" value=""/>
    <property name="os.name" value="Windows 7"/>
    <property name="classworlds.conf" value="E:\Test\.metadata\.plugins\org.eclipse.m2e.launching\launches\m2conf2716859214116267970.tmp"/>
    <property name="sun.jnu.encoding" value="Cp1252"/>
    <property name="java.library.path" value="C:\Program Files\Java\jdk1.8.0_221\bin;C:\Windows\Sun\Java\bin;C:\Windows\system32;C:\Windows;C:/Program Files/Java/jre1.8.0_221/bin/server;C:/Program Files/Java/jre1.8.0_221/bin;C:/Program Files/Java/jre1.8.0_221/lib/amd64;C:\Program Files (x86)\Common Files\Oracle\Java\javapath;C:\Windows\system32;C:\Windows;C:\Windows\System32\Wbem;C:\Windows\System32\WindowsPowerShell\v1.0\;C:\Program Files\Intel\WiFi\bin\;C:\Program Files\Common Files\Intel\WirelessCommon\;C:\Program Files\PuTTY\;C:\Program Files\Git\cmd;C:\Program Files\apache-maven-3.6.1-bin\apache-maven-3.6.1\bin;C:\Users\Shashwat\AppData\Local\Programs\Python\Python37-32;C:\Users\Shashwat;C:\Users\Shashwat\AppData\Local\Programs\Python\Python37-32\Scripts;C:\Program Files\Intel\WiFi\bin\;C:\Program Files\Common Files\Intel\WirelessCommon\;C:\Program Files\Java\jdk1.8.0_221\;C:\Program Files\JetBrains\IntelliJ IDEA 2019.2.1\bin;;C:\Program Files\JetBrains\PyCharm Community Edition 2019.2.1\bin;;C:\Users\Shashwat\Desktop;;."/>
    <property name="java.specification.name" value="Java Platform API Specification"/>
    <property name="java.class.version" value="52.0"/>
    <property name="sun.management.compiler" value="HotSpot 64-Bit Tiered Compilers"/>
    <property name="os.version" value="6.1"/>
    <property name="user.home" value="C:\Users\Shashwat"/>
    <property name="user.timezone" value="Asia/Calcutta"/>
    <property name="java.awt.printerjob" value="sun.awt.windows.WPrinterJob"/>
    <property name="java.specification.version" value="1.8"/>
    <property name="file.encoding" value="Cp1252"/>
    <property name="user.name" value="Shashwat"/>
    <property name="java.class.path" value="C:\Users\Shashwat\.p2\pool\plugins\org.eclipse.m2e.maven.runtime_1.12.0.20190529-1915\jars\plexus-classworlds-2.6.0.jar"/>
    <property name="java.vm.specification.version" value="1.8"/>
    <property name="sun.arch.data.model" value="64"/>
    <property name="java.home" value="C:\Program Files\Java\jdk1.8.0_221\jre"/>
    <property name="sun.java.command" value="org.codehaus.plexus.classworlds.launcher.Launcher -B test"/>
    <property name="java.specification.vendor" value="Oracle Corporation"/>
    <property name="user.language" value="en"/>
    <property name="awt.toolkit" value="sun.awt.windows.WToolkit"/>
    <property name="java.vm.info" value="mixed mode"/>
    <property name="java.version" value="1.8.0_221"/>
    <property name="java.ext.dirs" value="C:\Program Files\Java\jdk1.8.0_221\jre\lib\ext;C:\Windows\Sun\Java\lib\ext"/>
    <property name="sun.boot.class.path" value="C:\Program Files\Java\jdk1.8.0_221\jre\lib\resources.jar;C:\Program Files\Java\jdk1.8.0_221\jre\lib\rt.jar;C:\Program Files\Java\jdk1.8.0_221\jre\lib\sunrsasign.jar;C:\Program Files\Java\jdk1.8.0_221\jre\lib\jsse.jar;C:\Program Files\Java\jdk1.8.0_221\jre\lib\jce.jar;C:\Program Files\Java\jdk1.8.0_221\jre\lib\charsets.jar;C:\Program Files\Java\jdk1.8.0_221\jre\lib\jfr.jar;C:\Program Files\Java\jdk1.8.0_221\jre\classes"/>
    <property name="java.vendor" value="Oracle Corporation"/>
    <property name="maven.home" value="E:\Test\STM_Assignment\EMBEDDED"/>
    <property name="file.separator" value="\"/>
    <property name="java.vendor.url.bug" value="http://bugreport.sun.com/bugreport/"/>
    <property name="sun.cpu.endian" value="little"/>
    <property name="sun.io.unicode.encoding" value="UnicodeLittle"/>
    <property name="sun.desktop" value="windows"/>
    <property name="sun.cpu.isalist" value="amd64"/>
  </properties>
  <testcase classname="basePackage.Test1" name="test1" time="0.738"/>
  <testcase classname="basePackage.Test1" name="test1" time="0.769"/>
  <testcase classname="basePackage.Test1" name="test1" time="0.772"/>
  <testcase classname="basePackage.Test1" name="test1" time="0.756"/>
  <testcase classname="basePackage.Test1" name="test1" time="0.953"/>
  <testcase classname="basePackage.Test1" name="test1" time="0.808"/>
  <testcase classname="basePackage.Test1" name="test1" time="0.728"/>
  <testcase classname="basePackage.Test1" name="test1" time="0.801"/>
  <testcase classname="basePackage.Test1" name="test1" time="0.893"/>
  <testcase classname="basePackage.Test1" name="test1" time="0.792"/>
  <testcase classname="basePackage.Test1" name="test1" time="0.866"/>
  <testcase classname="basePackage.Test1" name="test1" time="0.763"/>
  <testcase classname="basePackage.Test1" name="test1" time="0.737"/>
  <testcase classname="basePackage.Test1" name="test1" time="0.746"/>
  <testcase classname="basePackage.Test1" name="test1" time="0.773"/>
  <testcase classname="basePackage.Test1" name="test1" time="0.795"/>
  <testcase classname="basePackage.Test1" name="test1" time="0.817"/>
  <testcase classname="basePackage.Test1" name="test1" time="0.75"/>
  <testcase classname="basePackage.Test1" name="test1" time="0.764"/>
  <testcase classname="basePackage.Test1" name="test1" time="0.843"/>
  <testcase classname="basePackage.Test1" name="test1" time="0.746"/>
  <testcase classname="basePackage.Test1" name="test1" time="0.774"/>
  <testcase classname="basePackage.Test1" name="test1" time="0.776"/>
  <testcase classname="basePackage.Test1" name="test1" time="0.922"/>
  <testcase classname="basePackage.Test1" name="test1" time="0.788"/>
  <testcase classname="basePackage.Test1" name="test1" time="0.733"/>
  <testcase classname="basePackage.Test1" name="test1" time="0.79"/>
  <testcase classname="basePackage.Test1" name="test1" time="0.815"/>
  <testcase classname="basePackage.Test1" name="test1" time="0.826"/>
  <testcase classname="basePackage.Test1" name="test1" time="0.812"/>
  <testcase classname="basePackage.Test1" name="test1" time="0.707"/>
  <testcase classname="basePackage.Test1" name="test1" time="0.821"/>
  <testcase classname="basePackage.Test1" name="test1" time="0.781"/>
  <testcase classname="basePackage.Test1" name="test1" time="0.77"/>
  <testcase classname="basePackage.Test1" name="test1" time="0.69"/>
  <testcase classname="basePackage.Test1" name="test1" time="0.719"/>
  <testcase classname="basePackage.Test1" name="test1" time="0.785"/>
  <testcase classname="basePackage.Test1" name="test1" time="0.725"/>
  <testcase classname="basePackage.Test1" name="test1" time="0.766"/>
  <testcase classname="basePackage.Test1" name="test1" time="0.779"/>
  <testcase classname="basePackage.Test1" name="test1" time="0.852"/>
  <testcase classname="basePackage.Test1" name="test1" time="0.806"/>
  <testcase classname="basePackage.Test1" name="test1" time="0.847"/>
  <testcase classname="basePackage.Test1" name="test1" time="0.808"/>
  <testcase classname="basePackage.Test1" name="test1" time="0.802"/>
  <testcase classname="basePackage.Test1" name="test1" time="0.872"/>
  <testcase classname="basePackage.Test1" name="test1" time="0.899"/>
</testsuite>